{"C:\\Users\\dell\\Desktop\\Jeel\\Redux_Counter\\src\\components\\Controls.jsx": {"path":"C:\\Users\\dell\\Desktop\\Jeel\\Redux_Counter\\src\\components\\Controls.jsx","statementMap":{"0":{"start":{"line":1,"column":15},"end":{"line":1,"column":28}},"1":{"start":{"line":2,"column":16},"end":{"line":2,"column":37}},"2":{"start":{"line":3,"column":23},"end":{"line":3,"column":54}},"3":{"start":{"line":4,"column":24},"end":{"line":4,"column":50}},"4":{"start":{"line":5,"column":19},"end":{"line":5,"column":40}},"5":{"start":{"line":6,"column":19},"end":{"line":6,"column":50}},"6":{"start":{"line":7,"column":15},"end":{"line":10,"column":1}},"7":{"start":{"line":8,"column":2},"end":{"line":9,"column":66}},"8":{"start":{"line":9,"column":4},"end":{"line":9,"column":66}},"9":{"start":{"line":11,"column":18},"end":{"line":18,"column":1}},"10":{"start":{"line":12,"column":2},"end":{"line":16,"column":3}},"11":{"start":{"line":13,"column":4},"end":{"line":15,"column":123}},"12":{"start":{"line":14,"column":6},"end":{"line":15,"column":123}},"13":{"start":{"line":15,"column":8},"end":{"line":15,"column":123}},"14":{"start":{"line":15,"column":40},"end":{"line":15,"column":49}},"15":{"start":{"line":17,"column":2},"end":{"line":17,"column":12}},"16":{"start":{"line":19,"column":14},"end":{"line":26,"column":2}},"17":{"start":{"line":19,"column":44},"end":{"line":26,"column":1}},"18":{"start":{"line":27,"column":19},"end":{"line":27,"column":90}},"19":{"start":{"line":27,"column":28},"end":{"line":27,"column":90}},"20":{"start":{"line":28,"column":20},"end":{"line":28,"column":22}},"21":{"start":{"line":29,"column":0},"end":{"line":31,"column":3}},"22":{"start":{"line":30,"column":17},"end":{"line":30,"column":30}},"23":{"start":{"line":32,"column":0},"end":{"line":32,"column":45}},"24":{"start":{"line":33,"column":19},"end":{"line":33,"column":44}},"25":{"start":{"line":34,"column":25},"end":{"line":34,"column":47}},"26":{"start":{"line":35,"column":19},"end":{"line":35,"column":38}},"27":{"start":{"line":36,"column":17},"end":{"line":46,"column":1}},"28":{"start":{"line":37,"column":19},"end":{"line":37,"column":56}},"29":{"start":{"line":38,"column":18},"end":{"line":38,"column":79}},"30":{"start":{"line":38,"column":65},"end":{"line":38,"column":78}},"31":{"start":{"line":39,"column":26},"end":{"line":41,"column":3}},"32":{"start":{"line":40,"column":4},"end":{"line":40,"column":36}},"33":{"start":{"line":42,"column":26},"end":{"line":44,"column":3}},"34":{"start":{"line":43,"column":4},"end":{"line":43,"column":36}},"35":{"start":{"line":45,"column":2},"end":{"line":45,"column":422}},"36":{"start":{"line":47,"column":20},"end":{"line":47,"column":28}}},"fnMap":{"0":{"name":"(anonymous_0)","decl":{"start":{"line":7,"column":15},"end":{"line":7,"column":16}},"loc":{"start":{"line":7,"column":32},"end":{"line":10,"column":1}},"line":7},"1":{"name":"(anonymous_1)","decl":{"start":{"line":11,"column":18},"end":{"line":11,"column":19}},"loc":{"start":{"line":11,"column":46},"end":{"line":18,"column":1}},"line":11},"2":{"name":"(anonymous_2)","decl":{"start":{"line":15,"column":34},"end":{"line":15,"column":35}},"loc":{"start":{"line":15,"column":40},"end":{"line":15,"column":49}},"line":15},"3":{"name":"(anonymous_3)","decl":{"start":{"line":19,"column":14},"end":{"line":19,"column":15}},"loc":{"start":{"line":19,"column":44},"end":{"line":26,"column":1}},"line":19},"4":{"name":"(anonymous_4)","decl":{"start":{"line":27,"column":19},"end":{"line":27,"column":20}},"loc":{"start":{"line":27,"column":28},"end":{"line":27,"column":90}},"line":27},"5":{"name":"(anonymous_5)","decl":{"start":{"line":30,"column":11},"end":{"line":30,"column":12}},"loc":{"start":{"line":30,"column":17},"end":{"line":30,"column":30}},"line":30},"6":{"name":"(anonymous_6)","decl":{"start":{"line":36,"column":17},"end":{"line":36,"column":18}},"loc":{"start":{"line":36,"column":23},"end":{"line":46,"column":1}},"line":36},"7":{"name":"(anonymous_7)","decl":{"start":{"line":38,"column":54},"end":{"line":38,"column":55}},"loc":{"start":{"line":38,"column":65},"end":{"line":38,"column":78}},"line":38},"8":{"name":"(anonymous_8)","decl":{"start":{"line":39,"column":26},"end":{"line":39,"column":27}},"loc":{"start":{"line":39,"column":32},"end":{"line":41,"column":3}},"line":39},"9":{"name":"(anonymous_9)","decl":{"start":{"line":42,"column":26},"end":{"line":42,"column":27}},"loc":{"start":{"line":42,"column":32},"end":{"line":44,"column":3}},"line":42}},"branchMap":{"0":{"loc":{"start":{"line":12,"column":2},"end":{"line":16,"column":3}},"type":"if","locations":[{"start":{"line":12,"column":2},"end":{"line":16,"column":3}},{"start":{},"end":{}}],"line":12},"1":{"loc":{"start":{"line":12,"column":6},"end":{"line":12,"column":68}},"type":"binary-expr","locations":[{"start":{"line":12,"column":6},"end":{"line":12,"column":10}},{"start":{"line":12,"column":14},"end":{"line":12,"column":38}},{"start":{"line":12,"column":42},"end":{"line":12,"column":68}}],"line":12},"2":{"loc":{"start":{"line":14,"column":6},"end":{"line":15,"column":123}},"type":"if","locations":[{"start":{"line":14,"column":6},"end":{"line":15,"column":123}},{"start":{},"end":{}}],"line":14},"3":{"loc":{"start":{"line":14,"column":10},"end":{"line":14,"column":55}},"type":"binary-expr","locations":[{"start":{"line":14,"column":10},"end":{"line":14,"column":37}},{"start":{"line":14,"column":41},"end":{"line":14,"column":55}}],"line":14},"4":{"loc":{"start":{"line":15,"column":63},"end":{"line":15,"column":119}},"type":"binary-expr","locations":[{"start":{"line":15,"column":63},"end":{"line":15,"column":100}},{"start":{"line":15,"column":104},"end":{"line":15,"column":119}}],"line":15},"5":{"loc":{"start":{"line":19,"column":53},"end":{"line":19,"column":99}},"type":"cond-expr","locations":[{"start":{"line":19,"column":67},"end":{"line":19,"column":94}},{"start":{"line":19,"column":97},"end":{"line":19,"column":99}}],"line":19},"6":{"loc":{"start":{"line":24,"column":2},"end":{"line":24,"column":113}},"type":"cond-expr","locations":[{"start":{"line":24,"column":42},"end":{"line":24,"column":104}},{"start":{"line":24,"column":107},"end":{"line":24,"column":113}}],"line":24},"7":{"loc":{"start":{"line":24,"column":2},"end":{"line":24,"column":39}},"type":"binary-expr","locations":[{"start":{"line":24,"column":2},"end":{"line":24,"column":12}},{"start":{"line":24,"column":16},"end":{"line":24,"column":20}},{"start":{"line":24,"column":24},"end":{"line":24,"column":39}}],"line":24}},"s":{"0":1,"1":1,"2":1,"3":1,"4":1,"5":1,"6":1,"7":1,"8":1,"9":1,"10":2,"11":2,"12":37,"13":37,"14":2,"15":2,"16":1,"17":1,"18":1,"19":1,"20":1,"21":1,"22":2,"23":1,"24":1,"25":1,"26":1,"27":1,"28":5,"29":4,"30":9,"31":4,"32":1,"33":4,"34":1,"35":4,"36":1},"f":{"0":1,"1":2,"2":2,"3":1,"4":1,"5":2,"6":5,"7":9,"8":1,"9":1},"b":{"0":[2,0],"1":[2,2,0],"2":[37,0],"3":[37,37],"4":[37,37],"5":[1,0],"6":[1,0],"7":[1,1,1]},"inputSourceMap":null,"_coverageSchema":"1a1c01bbd47fc00a2c39e90264f33305004495a9","hash":"cabdc6914e8e2e5fc4f2b1704ed6708f424d1c8e"}
,"C:\\Users\\dell\\Desktop\\Jeel\\Redux_Counter\\src\\components\\DisplayCounter.jsx": {"path":"C:\\Users\\dell\\Desktop\\Jeel\\Redux_Counter\\src\\components\\DisplayCounter.jsx","statementMap":{"0":{"start":{"line":1,"column":15},"end":{"line":1,"column":28}},"1":{"start":{"line":2,"column":16},"end":{"line":2,"column":37}},"2":{"start":{"line":3,"column":23},"end":{"line":3,"column":54}},"3":{"start":{"line":4,"column":24},"end":{"line":4,"column":50}},"4":{"start":{"line":5,"column":19},"end":{"line":5,"column":40}},"5":{"start":{"line":6,"column":19},"end":{"line":6,"column":50}},"6":{"start":{"line":7,"column":15},"end":{"line":10,"column":1}},"7":{"start":{"line":8,"column":2},"end":{"line":9,"column":66}},"8":{"start":{"line":9,"column":4},"end":{"line":9,"column":66}},"9":{"start":{"line":11,"column":18},"end":{"line":18,"column":1}},"10":{"start":{"line":12,"column":2},"end":{"line":16,"column":3}},"11":{"start":{"line":13,"column":4},"end":{"line":15,"column":123}},"12":{"start":{"line":14,"column":6},"end":{"line":15,"column":123}},"13":{"start":{"line":15,"column":8},"end":{"line":15,"column":123}},"14":{"start":{"line":15,"column":40},"end":{"line":15,"column":49}},"15":{"start":{"line":17,"column":2},"end":{"line":17,"column":12}},"16":{"start":{"line":19,"column":14},"end":{"line":26,"column":2}},"17":{"start":{"line":19,"column":44},"end":{"line":26,"column":1}},"18":{"start":{"line":27,"column":19},"end":{"line":27,"column":90}},"19":{"start":{"line":27,"column":28},"end":{"line":27,"column":90}},"20":{"start":{"line":28,"column":20},"end":{"line":28,"column":22}},"21":{"start":{"line":29,"column":0},"end":{"line":31,"column":3}},"22":{"start":{"line":30,"column":17},"end":{"line":30,"column":30}},"23":{"start":{"line":32,"column":0},"end":{"line":32,"column":45}},"24":{"start":{"line":33,"column":19},"end":{"line":33,"column":44}},"25":{"start":{"line":34,"column":25},"end":{"line":34,"column":47}},"26":{"start":{"line":35,"column":23},"end":{"line":38,"column":1}},"27":{"start":{"line":36,"column":18},"end":{"line":36,"column":79}},"28":{"start":{"line":36,"column":65},"end":{"line":36,"column":78}},"29":{"start":{"line":37,"column":2},"end":{"line":37,"column":127}},"30":{"start":{"line":39,"column":20},"end":{"line":39,"column":34}}},"fnMap":{"0":{"name":"(anonymous_0)","decl":{"start":{"line":7,"column":15},"end":{"line":7,"column":16}},"loc":{"start":{"line":7,"column":32},"end":{"line":10,"column":1}},"line":7},"1":{"name":"(anonymous_1)","decl":{"start":{"line":11,"column":18},"end":{"line":11,"column":19}},"loc":{"start":{"line":11,"column":46},"end":{"line":18,"column":1}},"line":11},"2":{"name":"(anonymous_2)","decl":{"start":{"line":15,"column":34},"end":{"line":15,"column":35}},"loc":{"start":{"line":15,"column":40},"end":{"line":15,"column":49}},"line":15},"3":{"name":"(anonymous_3)","decl":{"start":{"line":19,"column":14},"end":{"line":19,"column":15}},"loc":{"start":{"line":19,"column":44},"end":{"line":26,"column":1}},"line":19},"4":{"name":"(anonymous_4)","decl":{"start":{"line":27,"column":19},"end":{"line":27,"column":20}},"loc":{"start":{"line":27,"column":28},"end":{"line":27,"column":90}},"line":27},"5":{"name":"(anonymous_5)","decl":{"start":{"line":30,"column":11},"end":{"line":30,"column":12}},"loc":{"start":{"line":30,"column":17},"end":{"line":30,"column":30}},"line":30},"6":{"name":"(anonymous_6)","decl":{"start":{"line":35,"column":23},"end":{"line":35,"column":24}},"loc":{"start":{"line":35,"column":29},"end":{"line":38,"column":1}},"line":35},"7":{"name":"(anonymous_7)","decl":{"start":{"line":36,"column":54},"end":{"line":36,"column":55}},"loc":{"start":{"line":36,"column":65},"end":{"line":36,"column":78}},"line":36}},"branchMap":{"0":{"loc":{"start":{"line":12,"column":2},"end":{"line":16,"column":3}},"type":"if","locations":[{"start":{"line":12,"column":2},"end":{"line":16,"column":3}},{"start":{},"end":{}}],"line":12},"1":{"loc":{"start":{"line":12,"column":6},"end":{"line":12,"column":68}},"type":"binary-expr","locations":[{"start":{"line":12,"column":6},"end":{"line":12,"column":10}},{"start":{"line":12,"column":14},"end":{"line":12,"column":38}},{"start":{"line":12,"column":42},"end":{"line":12,"column":68}}],"line":12},"2":{"loc":{"start":{"line":14,"column":6},"end":{"line":15,"column":123}},"type":"if","locations":[{"start":{"line":14,"column":6},"end":{"line":15,"column":123}},{"start":{},"end":{}}],"line":14},"3":{"loc":{"start":{"line":14,"column":10},"end":{"line":14,"column":55}},"type":"binary-expr","locations":[{"start":{"line":14,"column":10},"end":{"line":14,"column":37}},{"start":{"line":14,"column":41},"end":{"line":14,"column":55}}],"line":14},"4":{"loc":{"start":{"line":15,"column":63},"end":{"line":15,"column":119}},"type":"binary-expr","locations":[{"start":{"line":15,"column":63},"end":{"line":15,"column":100}},{"start":{"line":15,"column":104},"end":{"line":15,"column":119}}],"line":15},"5":{"loc":{"start":{"line":19,"column":53},"end":{"line":19,"column":99}},"type":"cond-expr","locations":[{"start":{"line":19,"column":67},"end":{"line":19,"column":94}},{"start":{"line":19,"column":97},"end":{"line":19,"column":99}}],"line":19},"6":{"loc":{"start":{"line":24,"column":2},"end":{"line":24,"column":113}},"type":"cond-expr","locations":[{"start":{"line":24,"column":42},"end":{"line":24,"column":104}},{"start":{"line":24,"column":107},"end":{"line":24,"column":113}}],"line":24},"7":{"loc":{"start":{"line":24,"column":2},"end":{"line":24,"column":39}},"type":"binary-expr","locations":[{"start":{"line":24,"column":2},"end":{"line":24,"column":12}},{"start":{"line":24,"column":16},"end":{"line":24,"column":20}},{"start":{"line":24,"column":24},"end":{"line":24,"column":39}}],"line":24}},"s":{"0":2,"1":2,"2":2,"3":2,"4":2,"5":2,"6":2,"7":2,"8":2,"9":2,"10":4,"11":4,"12":74,"13":74,"14":3,"15":4,"16":2,"17":2,"18":2,"19":2,"20":2,"21":2,"22":3,"23":2,"24":2,"25":2,"26":2,"27":6,"28":11,"29":5,"30":2},"f":{"0":2,"1":4,"2":3,"3":2,"4":2,"5":3,"6":6,"7":11},"b":{"0":[4,0],"1":[4,4,0],"2":[74,0],"3":[74,74],"4":[74,74],"5":[2,0],"6":[2,0],"7":[2,2,2]},"inputSourceMap":null,"_coverageSchema":"1a1c01bbd47fc00a2c39e90264f33305004495a9","hash":"649dcd97c5a074527414c0e3aba682f3bd588acf"}
,"C:\\Users\\dell\\Desktop\\Jeel\\Redux_Counter\\src\\store\\index.js": {"path":"C:\\Users\\dell\\Desktop\\Jeel\\Redux_Counter\\src\\store\\index.js","statementMap":{"0":{"start":{"line":1,"column":16},"end":{"line":1,"column":37}},"1":{"start":{"line":2,"column":23},"end":{"line":2,"column":54}},"2":{"start":{"line":3,"column":24},"end":{"line":3,"column":50}},"3":{"start":{"line":4,"column":19},"end":{"line":4,"column":50}},"4":{"start":{"line":5,"column":15},"end":{"line":8,"column":1}},"5":{"start":{"line":6,"column":2},"end":{"line":7,"column":66}},"6":{"start":{"line":7,"column":4},"end":{"line":7,"column":66}},"7":{"start":{"line":9,"column":18},"end":{"line":16,"column":1}},"8":{"start":{"line":10,"column":2},"end":{"line":14,"column":3}},"9":{"start":{"line":11,"column":4},"end":{"line":13,"column":123}},"10":{"start":{"line":12,"column":6},"end":{"line":13,"column":123}},"11":{"start":{"line":13,"column":8},"end":{"line":13,"column":123}},"12":{"start":{"line":13,"column":40},"end":{"line":13,"column":49}},"13":{"start":{"line":15,"column":2},"end":{"line":15,"column":12}},"14":{"start":{"line":17,"column":19},"end":{"line":17,"column":90}},"15":{"start":{"line":17,"column":28},"end":{"line":17,"column":90}},"16":{"start":{"line":18,"column":20},"end":{"line":18,"column":22}},"17":{"start":{"line":19,"column":0},"end":{"line":22,"column":3}},"18":{"start":{"line":20,"column":24},"end":{"line":20,"column":38}},"19":{"start":{"line":21,"column":17},"end":{"line":21,"column":30}},"20":{"start":{"line":23,"column":0},"end":{"line":23,"column":45}},"21":{"start":{"line":24,"column":19},"end":{"line":24,"column":35}},"22":{"start":{"line":25,"column":22},"end":{"line":27,"column":1}},"23":{"start":{"line":28,"column":23},"end":{"line":43,"column":1}},"24":{"start":{"line":29,"column":2},"end":{"line":42,"column":3}},"25":{"start":{"line":31,"column":6},"end":{"line":34,"column":8}},"26":{"start":{"line":36,"column":6},"end":{"line":39,"column":8}},"27":{"start":{"line":41,"column":6},"end":{"line":41,"column":19}},"28":{"start":{"line":44,"column":14},"end":{"line":44,"column":59}},"29":{"start":{"line":45,"column":20},"end":{"line":45,"column":25}}},"fnMap":{"0":{"name":"(anonymous_0)","decl":{"start":{"line":5,"column":15},"end":{"line":5,"column":16}},"loc":{"start":{"line":5,"column":32},"end":{"line":8,"column":1}},"line":5},"1":{"name":"(anonymous_1)","decl":{"start":{"line":9,"column":18},"end":{"line":9,"column":19}},"loc":{"start":{"line":9,"column":46},"end":{"line":16,"column":1}},"line":9},"2":{"name":"(anonymous_2)","decl":{"start":{"line":13,"column":34},"end":{"line":13,"column":35}},"loc":{"start":{"line":13,"column":40},"end":{"line":13,"column":49}},"line":13},"3":{"name":"(anonymous_3)","decl":{"start":{"line":17,"column":19},"end":{"line":17,"column":20}},"loc":{"start":{"line":17,"column":28},"end":{"line":17,"column":90}},"line":17},"4":{"name":"(anonymous_4)","decl":{"start":{"line":20,"column":18},"end":{"line":20,"column":19}},"loc":{"start":{"line":20,"column":24},"end":{"line":20,"column":38}},"line":20},"5":{"name":"(anonymous_5)","decl":{"start":{"line":21,"column":11},"end":{"line":21,"column":12}},"loc":{"start":{"line":21,"column":17},"end":{"line":21,"column":30}},"line":21},"6":{"name":"(anonymous_6)","decl":{"start":{"line":28,"column":23},"end":{"line":28,"column":24}},"loc":{"start":{"line":28,"column":58},"end":{"line":43,"column":1}},"line":28}},"branchMap":{"0":{"loc":{"start":{"line":10,"column":2},"end":{"line":14,"column":3}},"type":"if","locations":[{"start":{"line":10,"column":2},"end":{"line":14,"column":3}},{"start":{},"end":{}}],"line":10},"1":{"loc":{"start":{"line":10,"column":6},"end":{"line":10,"column":68}},"type":"binary-expr","locations":[{"start":{"line":10,"column":6},"end":{"line":10,"column":10}},{"start":{"line":10,"column":14},"end":{"line":10,"column":38}},{"start":{"line":10,"column":42},"end":{"line":10,"column":68}}],"line":10},"2":{"loc":{"start":{"line":12,"column":6},"end":{"line":13,"column":123}},"type":"if","locations":[{"start":{"line":12,"column":6},"end":{"line":13,"column":123}},{"start":{},"end":{}}],"line":12},"3":{"loc":{"start":{"line":12,"column":10},"end":{"line":12,"column":55}},"type":"binary-expr","locations":[{"start":{"line":12,"column":10},"end":{"line":12,"column":37}},{"start":{"line":12,"column":41},"end":{"line":12,"column":55}}],"line":12},"4":{"loc":{"start":{"line":13,"column":63},"end":{"line":13,"column":119}},"type":"binary-expr","locations":[{"start":{"line":13,"column":63},"end":{"line":13,"column":100}},{"start":{"line":13,"column":104},"end":{"line":13,"column":119}}],"line":13},"5":{"loc":{"start":{"line":28,"column":24},"end":{"line":28,"column":45}},"type":"default-arg","locations":[{"start":{"line":28,"column":32},"end":{"line":28,"column":45}}],"line":28},"6":{"loc":{"start":{"line":29,"column":2},"end":{"line":42,"column":3}},"type":"switch","locations":[{"start":{"line":30,"column":4},"end":{"line":34,"column":8}},{"start":{"line":35,"column":4},"end":{"line":39,"column":8}},{"start":{"line":40,"column":4},"end":{"line":41,"column":19}}],"line":29}},"s":{"0":2,"1":2,"2":2,"3":2,"4":2,"5":2,"6":4,"7":2,"8":2,"9":2,"10":4,"11":4,"12":5,"13":2,"14":2,"15":2,"16":2,"17":2,"18":5,"19":0,"20":2,"21":2,"22":2,"23":2,"24":13,"25":4,"26":2,"27":7,"28":2,"29":2},"f":{"0":2,"1":2,"2":5,"3":2,"4":5,"5":0,"6":13},"b":{"0":[2,0],"1":[2,2,0],"2":[4,0],"3":[4,4],"4":[4,4],"5":[7],"6":[4,2,7]},"inputSourceMap":null,"_coverageSchema":"1a1c01bbd47fc00a2c39e90264f33305004495a9","hash":"b62cb48615f58d1b5c30dafce5dd1c19fefb366e"}
}
