TN:
SF:src\components\Controls.jsx
FN:7,(anonymous_0)
FN:11,(anonymous_1)
FN:15,(anonymous_2)
FN:19,(anonymous_3)
FN:27,(anonymous_4)
FN:30,(anonymous_5)
FN:36,(anonymous_6)
FN:38,(anonymous_7)
FN:39,(anonymous_8)
FN:42,(anonymous_9)
FNF:10
FNH:10
FNDA:1,(anonymous_0)
FNDA:2,(anonymous_1)
FNDA:2,(anonymous_2)
FNDA:1,(anonymous_3)
FNDA:1,(anonymous_4)
FNDA:2,(anonymous_5)
FNDA:5,(anonymous_6)
FNDA:9,(anonymous_7)
FNDA:1,(anonymous_8)
FNDA:1,(anonymous_9)
DA:1,1
DA:2,1
DA:3,1
DA:4,1
DA:5,1
DA:6,1
DA:7,1
DA:8,1
DA:9,1
DA:11,1
DA:12,2
DA:13,2
DA:14,37
DA:15,37
DA:17,2
DA:19,1
DA:27,1
DA:28,1
DA:29,1
DA:30,2
DA:32,1
DA:33,1
DA:34,1
DA:35,1
DA:36,1
DA:37,5
DA:38,9
DA:39,4
DA:40,1
DA:42,4
DA:43,1
DA:45,4
DA:47,1
LF:33
LH:33
BRDA:12,0,0,2
BRDA:12,0,1,0
BRDA:12,1,0,2
BRDA:12,1,1,2
BRDA:12,1,2,0
BRDA:14,2,0,37
BRDA:14,2,1,0
BRDA:14,3,0,37
BRDA:14,3,1,37
BRDA:15,4,0,37
BRDA:15,4,1,37
BRDA:19,5,0,1
BRDA:19,5,1,0
BRDA:24,6,0,1
BRDA:24,6,1,0
BRDA:24,7,0,1
BRDA:24,7,1,1
BRDA:24,7,2,1
BRF:18
BRH:13
end_of_record
TN:
SF:src\components\DisplayCounter.jsx
FN:7,(anonymous_0)
FN:11,(anonymous_1)
FN:15,(anonymous_2)
FN:19,(anonymous_3)
FN:27,(anonymous_4)
FN:30,(anonymous_5)
FN:35,(anonymous_6)
FN:36,(anonymous_7)
FNF:8
FNH:8
FNDA:2,(anonymous_0)
FNDA:4,(anonymous_1)
FNDA:3,(anonymous_2)
FNDA:2,(anonymous_3)
FNDA:2,(anonymous_4)
FNDA:3,(anonymous_5)
FNDA:6,(anonymous_6)
FNDA:11,(anonymous_7)
DA:1,2
DA:2,2
DA:3,2
DA:4,2
DA:5,2
DA:6,2
DA:7,2
DA:8,2
DA:9,2
DA:11,2
DA:12,4
DA:13,4
DA:14,74
DA:15,74
DA:17,4
DA:19,2
DA:27,2
DA:28,2
DA:29,2
DA:30,3
DA:32,2
DA:33,2
DA:34,2
DA:35,2
DA:36,11
DA:37,5
DA:39,2
LF:27
LH:27
BRDA:12,0,0,4
BRDA:12,0,1,0
BRDA:12,1,0,4
BRDA:12,1,1,4
BRDA:12,1,2,0
BRDA:14,2,0,74
BRDA:14,2,1,0
BRDA:14,3,0,74
BRDA:14,3,1,74
BRDA:15,4,0,74
BRDA:15,4,1,74
BRDA:19,5,0,2
BRDA:19,5,1,0
BRDA:24,6,0,2
BRDA:24,6,1,0
BRDA:24,7,0,2
BRDA:24,7,1,2
BRDA:24,7,2,2
BRF:18
BRH:13
end_of_record
TN:
SF:src\store\index.js
FN:5,(anonymous_0)
FN:9,(anonymous_1)
FN:13,(anonymous_2)
FN:17,(anonymous_3)
FN:20,(anonymous_4)
FN:21,(anonymous_5)
FN:28,(anonymous_6)
FNF:7
FNH:6
FNDA:2,(anonymous_0)
FNDA:2,(anonymous_1)
FNDA:5,(anonymous_2)
FNDA:2,(anonymous_3)
FNDA:5,(anonymous_4)
FNDA:0,(anonymous_5)
FNDA:13,(anonymous_6)
DA:1,2
DA:2,2
DA:3,2
DA:4,2
DA:5,2
DA:6,2
DA:7,4
DA:9,2
DA:10,2
DA:11,2
DA:12,4
DA:13,5
DA:15,2
DA:17,2
DA:18,2
DA:19,2
DA:20,5
DA:21,0
DA:23,2
DA:24,2
DA:25,2
DA:28,2
DA:29,13
DA:31,4
DA:36,2
DA:41,7
DA:44,2
DA:45,2
LF:28
LH:27
BRDA:10,0,0,2
BRDA:10,0,1,0
BRDA:10,1,0,2
BRDA:10,1,1,2
BRDA:10,1,2,0
BRDA:12,2,0,4
BRDA:12,2,1,0
BRDA:12,3,0,4
BRDA:12,3,1,4
BRDA:13,4,0,4
BRDA:13,4,1,4
BRDA:28,5,0,7
BRDA:29,6,0,4
BRDA:29,6,1,2
BRDA:29,6,2,7
BRF:15
BRH:12
end_of_record
